{"/Users/zguillez/Documentos/Repositorios/_tools/z-file/src/Zfile.js": {"path":"/Users/zguillez/Documentos/Repositorios/_tools/z-file/src/Zfile.js","statementMap":{"0":{"start":{"line":2,"column":11},"end":{"line":2,"column":24}},"1":{"start":{"line":3,"column":12},"end":{"line":3,"column":26}},"2":{"start":{"line":4,"column":17},"end":{"line":4,"column":37}},"3":{"start":{"line":5,"column":13},"end":{"line":5,"column":28}},"4":{"start":{"line":17,"column":4},"end":{"line":25,"column":7}},"5":{"start":{"line":18,"column":6},"end":{"line":24,"column":9}},"6":{"start":{"line":19,"column":8},"end":{"line":23,"column":9}},"7":{"start":{"line":20,"column":10},"end":{"line":20,"column":22}},"8":{"start":{"line":22,"column":10},"end":{"line":22,"column":35}},"9":{"start":{"line":34,"column":4},"end":{"line":51,"column":7}},"10":{"start":{"line":35,"column":18},"end":{"line":35,"column":19}},"11":{"start":{"line":36,"column":20},"end":{"line":36,"column":36}},"12":{"start":{"line":37,"column":19},"end":{"line":37,"column":23}},"13":{"start":{"line":38,"column":19},"end":{"line":38,"column":21}},"14":{"start":{"line":39,"column":20},"end":{"line":49,"column":7}},"15":{"start":{"line":40,"column":8},"end":{"line":48,"column":39}},"16":{"start":{"line":41,"column":10},"end":{"line":41,"column":27}},"17":{"start":{"line":42,"column":10},"end":{"line":47,"column":11}},"18":{"start":{"line":43,"column":12},"end":{"line":43,"column":20}},"19":{"start":{"line":44,"column":12},"end":{"line":44,"column":25}},"20":{"start":{"line":46,"column":12},"end":{"line":46,"column":26}},"21":{"start":{"line":48,"column":26},"end":{"line":48,"column":37}},"22":{"start":{"line":50,"column":6},"end":{"line":50,"column":19}},"23":{"start":{"line":61,"column":4},"end":{"line":73,"column":7}},"24":{"start":{"line":62,"column":18},"end":{"line":62,"column":37}},"25":{"start":{"line":63,"column":19},"end":{"line":63,"column":38}},"26":{"start":{"line":64,"column":18},"end":{"line":64,"column":44}},"27":{"start":{"line":65,"column":6},"end":{"line":65,"column":29}},"28":{"start":{"line":66,"column":6},"end":{"line":72,"column":9}},"29":{"start":{"line":67,"column":8},"end":{"line":71,"column":9}},"30":{"start":{"line":68,"column":10},"end":{"line":68,"column":22}},"31":{"start":{"line":70,"column":10},"end":{"line":70,"column":24}},"32":{"start":{"line":84,"column":4},"end":{"line":101,"column":7}},"33":{"start":{"line":85,"column":6},"end":{"line":85,"column":28}},"34":{"start":{"line":86,"column":6},"end":{"line":100,"column":9}},"35":{"start":{"line":87,"column":8},"end":{"line":87,"column":29}},"36":{"start":{"line":88,"column":8},"end":{"line":88,"column":30}},"37":{"start":{"line":89,"column":8},"end":{"line":89,"column":27}},"38":{"start":{"line":90,"column":8},"end":{"line":90,"column":27}},"39":{"start":{"line":91,"column":8},"end":{"line":91,"column":30}},"40":{"start":{"line":92,"column":8},"end":{"line":92,"column":26}},"41":{"start":{"line":93,"column":23},"end":{"line":93,"column":46}},"42":{"start":{"line":94,"column":8},"end":{"line":94,"column":43}},"43":{"start":{"line":95,"column":8},"end":{"line":95,"column":26}},"44":{"start":{"line":96,"column":8},"end":{"line":96,"column":30}},"45":{"start":{"line":97,"column":8},"end":{"line":99,"column":11}},"46":{"start":{"line":98,"column":10},"end":{"line":98,"column":24}},"47":{"start":{"line":111,"column":4},"end":{"line":120,"column":5}},"48":{"start":{"line":112,"column":6},"end":{"line":117,"column":7}},"49":{"start":{"line":113,"column":8},"end":{"line":113,"column":26}},"50":{"start":{"line":114,"column":8},"end":{"line":114,"column":20}},"51":{"start":{"line":116,"column":8},"end":{"line":116,"column":21}},"52":{"start":{"line":119,"column":6},"end":{"line":119,"column":18}},"53":{"start":{"line":130,"column":4},"end":{"line":142,"column":5}},"54":{"start":{"line":131,"column":6},"end":{"line":131,"column":40}},"55":{"start":{"line":133,"column":6},"end":{"line":140,"column":7}},"56":{"start":{"line":134,"column":8},"end":{"line":139,"column":9}},"57":{"start":{"line":135,"column":10},"end":{"line":135,"column":31}},"58":{"start":{"line":136,"column":10},"end":{"line":136,"column":22}},"59":{"start":{"line":138,"column":10},"end":{"line":138,"column":23}},"60":{"start":{"line":141,"column":6},"end":{"line":141,"column":19}},"61":{"start":{"line":151,"column":4},"end":{"line":151,"column":87}},"62":{"start":{"line":151,"column":45},"end":{"line":151,"column":85}},"63":{"start":{"line":160,"column":4},"end":{"line":160,"column":127}},"64":{"start":{"line":160,"column":45},"end":{"line":160,"column":80}},"65":{"start":{"line":160,"column":96},"end":{"line":160,"column":125}},"66":{"start":{"line":169,"column":17},"end":{"line":169,"column":19}},"67":{"start":{"line":170,"column":4},"end":{"line":176,"column":5}},"68":{"start":{"line":171,"column":6},"end":{"line":173,"column":7}},"69":{"start":{"line":172,"column":8},"end":{"line":172,"column":28}},"70":{"start":{"line":175,"column":6},"end":{"line":175,"column":28}},"71":{"start":{"line":177,"column":4},"end":{"line":177,"column":26}},"72":{"start":{"line":186,"column":17},"end":{"line":186,"column":19}},"73":{"start":{"line":187,"column":4},"end":{"line":193,"column":5}},"74":{"start":{"line":188,"column":6},"end":{"line":190,"column":7}},"75":{"start":{"line":189,"column":8},"end":{"line":189,"column":26}},"76":{"start":{"line":192,"column":6},"end":{"line":192,"column":26}},"77":{"start":{"line":194,"column":4},"end":{"line":194,"column":26}},"78":{"start":{"line":203,"column":4},"end":{"line":203,"column":39}},"79":{"start":{"line":215,"column":4},"end":{"line":241,"column":7}},"80":{"start":{"line":216,"column":6},"end":{"line":240,"column":9}},"81":{"start":{"line":217,"column":8},"end":{"line":239,"column":9}},"82":{"start":{"line":218,"column":10},"end":{"line":236,"column":13}},"83":{"start":{"line":219,"column":12},"end":{"line":219,"column":27}},"84":{"start":{"line":220,"column":12},"end":{"line":224,"column":30}},"85":{"start":{"line":225,"column":12},"end":{"line":234,"column":13}},"86":{"start":{"line":226,"column":28},"end":{"line":228,"column":16}},"87":{"start":{"line":229,"column":14},"end":{"line":229,"column":42}},"88":{"start":{"line":230,"column":14},"end":{"line":230,"column":45}},"89":{"start":{"line":232,"column":14},"end":{"line":232,"column":32}},"90":{"start":{"line":233,"column":14},"end":{"line":233,"column":34}},"91":{"start":{"line":235,"column":12},"end":{"line":235,"column":26}},"92":{"start":{"line":238,"column":10},"end":{"line":238,"column":22}},"93":{"start":{"line":259,"column":4},"end":{"line":259,"column":25}},"94":{"start":{"line":264,"column":4},"end":{"line":264,"column":21}},"95":{"start":{"line":269,"column":4},"end":{"line":269,"column":25}},"96":{"start":{"line":274,"column":4},"end":{"line":274,"column":19}},"97":{"start":{"line":283,"column":4},"end":{"line":283,"column":54}},"98":{"start":{"line":284,"column":4},"end":{"line":284,"column":56}},"99":{"start":{"line":285,"column":4},"end":{"line":294,"column":7}},"100":{"start":{"line":286,"column":6},"end":{"line":293,"column":7}},"101":{"start":{"line":287,"column":8},"end":{"line":287,"column":43}},"102":{"start":{"line":289,"column":8},"end":{"line":292,"column":11}},"103":{"start":{"line":290,"column":10},"end":{"line":290,"column":27}},"104":{"start":{"line":291,"column":10},"end":{"line":291,"column":24}},"105":{"start":{"line":303,"column":4},"end":{"line":303,"column":42}},"106":{"start":{"line":304,"column":4},"end":{"line":308,"column":7}},"107":{"start":{"line":305,"column":6},"end":{"line":307,"column":9}},"108":{"start":{"line":306,"column":8},"end":{"line":306,"column":22}},"109":{"start":{"line":316,"column":15},"end":{"line":316,"column":45}},"110":{"start":{"line":317,"column":4},"end":{"line":323,"column":5}},"111":{"start":{"line":318,"column":18},"end":{"line":318,"column":38}},"112":{"start":{"line":319,"column":6},"end":{"line":322,"column":8}},"113":{"start":{"line":324,"column":4},"end":{"line":324,"column":16}},"114":{"start":{"line":332,"column":0},"end":{"line":332,"column":29}}},"fnMap":{"0":{"name":"(anonymous_0)","decl":{"start":{"line":16,"column":2},"end":{"line":16,"column":3}},"loc":{"start":{"line":16,"column":17},"end":{"line":26,"column":3}},"line":16},"1":{"name":"(anonymous_1)","decl":{"start":{"line":17,"column":23},"end":{"line":17,"column":24}},"loc":{"start":{"line":17,"column":44},"end":{"line":25,"column":5}},"line":17},"2":{"name":"(anonymous_2)","decl":{"start":{"line":18,"column":37},"end":{"line":18,"column":38}},"loc":{"start":{"line":18,"column":52},"end":{"line":24,"column":7}},"line":18},"3":{"name":"(anonymous_3)","decl":{"start":{"line":33,"column":2},"end":{"line":33,"column":3}},"loc":{"start":{"line":33,"column":19},"end":{"line":52,"column":3}},"line":33},"4":{"name":"(anonymous_4)","decl":{"start":{"line":34,"column":23},"end":{"line":34,"column":24}},"loc":{"start":{"line":34,"column":44},"end":{"line":51,"column":5}},"line":34},"5":{"name":"(anonymous_5)","decl":{"start":{"line":39,"column":20},"end":{"line":39,"column":21}},"loc":{"start":{"line":39,"column":28},"end":{"line":49,"column":7}},"line":39},"6":{"name":"(anonymous_6)","decl":{"start":{"line":40,"column":45},"end":{"line":40,"column":46}},"loc":{"start":{"line":40,"column":56},"end":{"line":48,"column":9}},"line":40},"7":{"name":"(anonymous_7)","decl":{"start":{"line":48,"column":17},"end":{"line":48,"column":18}},"loc":{"start":{"line":48,"column":26},"end":{"line":48,"column":37}},"line":48},"8":{"name":"(anonymous_8)","decl":{"start":{"line":60,"column":2},"end":{"line":60,"column":3}},"loc":{"start":{"line":60,"column":24},"end":{"line":74,"column":3}},"line":60},"9":{"name":"(anonymous_9)","decl":{"start":{"line":61,"column":23},"end":{"line":61,"column":24}},"loc":{"start":{"line":61,"column":44},"end":{"line":73,"column":5}},"line":61},"10":{"name":"(anonymous_10)","decl":{"start":{"line":66,"column":35},"end":{"line":66,"column":36}},"loc":{"start":{"line":66,"column":44},"end":{"line":72,"column":7}},"line":66},"11":{"name":"(anonymous_11)","decl":{"start":{"line":83,"column":2},"end":{"line":83,"column":3}},"loc":{"start":{"line":83,"column":34},"end":{"line":102,"column":3}},"line":83},"12":{"name":"(anonymous_12)","decl":{"start":{"line":84,"column":23},"end":{"line":84,"column":24}},"loc":{"start":{"line":84,"column":44},"end":{"line":101,"column":5}},"line":84},"13":{"name":"(anonymous_13)","decl":{"start":{"line":86,"column":31},"end":{"line":86,"column":32}},"loc":{"start":{"line":86,"column":41},"end":{"line":100,"column":7}},"line":86},"14":{"name":"(anonymous_14)","decl":{"start":{"line":97,"column":40},"end":{"line":97,"column":41}},"loc":{"start":{"line":97,"column":46},"end":{"line":99,"column":9}},"line":97},"15":{"name":"(anonymous_15)","decl":{"start":{"line":110,"column":2},"end":{"line":110,"column":3}},"loc":{"start":{"line":110,"column":30},"end":{"line":121,"column":3}},"line":110},"16":{"name":"(anonymous_16)","decl":{"start":{"line":129,"column":2},"end":{"line":129,"column":3}},"loc":{"start":{"line":129,"column":29},"end":{"line":143,"column":3}},"line":129},"17":{"name":"(anonymous_17)","decl":{"start":{"line":150,"column":2},"end":{"line":150,"column":3}},"loc":{"start":{"line":150,"column":15},"end":{"line":152,"column":3}},"line":150},"18":{"name":"(anonymous_18)","decl":{"start":{"line":151,"column":38},"end":{"line":151,"column":39}},"loc":{"start":{"line":151,"column":45},"end":{"line":151,"column":85}},"line":151},"19":{"name":"(anonymous_19)","decl":{"start":{"line":159,"column":2},"end":{"line":159,"column":3}},"loc":{"start":{"line":159,"column":13},"end":{"line":161,"column":3}},"line":159},"20":{"name":"(anonymous_20)","decl":{"start":{"line":160,"column":38},"end":{"line":160,"column":39}},"loc":{"start":{"line":160,"column":45},"end":{"line":160,"column":80}},"line":160},"21":{"name":"(anonymous_21)","decl":{"start":{"line":160,"column":89},"end":{"line":160,"column":90}},"loc":{"start":{"line":160,"column":96},"end":{"line":160,"column":125}},"line":160},"22":{"name":"(anonymous_22)","decl":{"start":{"line":168,"column":2},"end":{"line":168,"column":3}},"loc":{"start":{"line":168,"column":13},"end":{"line":178,"column":3}},"line":168},"23":{"name":"(anonymous_23)","decl":{"start":{"line":185,"column":2},"end":{"line":185,"column":3}},"loc":{"start":{"line":185,"column":14},"end":{"line":195,"column":3}},"line":185},"24":{"name":"(anonymous_24)","decl":{"start":{"line":202,"column":2},"end":{"line":202,"column":3}},"loc":{"start":{"line":202,"column":15},"end":{"line":204,"column":3}},"line":202},"25":{"name":"(anonymous_25)","decl":{"start":{"line":214,"column":2},"end":{"line":214,"column":3}},"loc":{"start":{"line":214,"column":38},"end":{"line":242,"column":3}},"line":214},"26":{"name":"(anonymous_26)","decl":{"start":{"line":215,"column":23},"end":{"line":215,"column":24}},"loc":{"start":{"line":215,"column":44},"end":{"line":241,"column":5}},"line":215},"27":{"name":"(anonymous_27)","decl":{"start":{"line":216,"column":37},"end":{"line":216,"column":38}},"loc":{"start":{"line":216,"column":53},"end":{"line":240,"column":7}},"line":216},"28":{"name":"(anonymous_28)","decl":{"start":{"line":218,"column":54},"end":{"line":218,"column":55}},"loc":{"start":{"line":218,"column":64},"end":{"line":236,"column":11}},"line":218},"29":{"name":"(anonymous_29)","decl":{"start":{"line":255,"column":2},"end":{"line":255,"column":3}},"loc":{"start":{"line":255,"column":28},"end":{"line":275,"column":3}},"line":255},"30":{"name":"(anonymous_30)","decl":{"start":{"line":282,"column":2},"end":{"line":282,"column":3}},"loc":{"start":{"line":282,"column":17},"end":{"line":295,"column":3}},"line":282},"31":{"name":"(anonymous_31)","decl":{"start":{"line":285,"column":23},"end":{"line":285,"column":24}},"loc":{"start":{"line":285,"column":44},"end":{"line":294,"column":5}},"line":285},"32":{"name":"(anonymous_32)","decl":{"start":{"line":289,"column":45},"end":{"line":289,"column":46}},"loc":{"start":{"line":289,"column":55},"end":{"line":292,"column":9}},"line":289},"33":{"name":"(anonymous_33)","decl":{"start":{"line":302,"column":2},"end":{"line":302,"column":3}},"loc":{"start":{"line":302,"column":13},"end":{"line":309,"column":3}},"line":302},"34":{"name":"(anonymous_34)","decl":{"start":{"line":304,"column":23},"end":{"line":304,"column":24}},"loc":{"start":{"line":304,"column":44},"end":{"line":308,"column":5}},"line":304},"35":{"name":"(anonymous_35)","decl":{"start":{"line":305,"column":51},"end":{"line":305,"column":52}},"loc":{"start":{"line":305,"column":57},"end":{"line":307,"column":7}},"line":305},"36":{"name":"(anonymous_36)","decl":{"start":{"line":315,"column":2},"end":{"line":315,"column":3}},"loc":{"start":{"line":315,"column":16},"end":{"line":325,"column":3}},"line":315}},"branchMap":{"0":{"loc":{"start":{"line":19,"column":8},"end":{"line":23,"column":9}},"type":"if","locations":[{"start":{"line":19,"column":8},"end":{"line":23,"column":9}},{"start":{"line":19,"column":8},"end":{"line":23,"column":9}}],"line":19},"1":{"loc":{"start":{"line":42,"column":10},"end":{"line":47,"column":11}},"type":"if","locations":[{"start":{"line":42,"column":10},"end":{"line":47,"column":11}},{"start":{"line":42,"column":10},"end":{"line":47,"column":11}}],"line":42},"2":{"loc":{"start":{"line":67,"column":8},"end":{"line":71,"column":9}},"type":"if","locations":[{"start":{"line":67,"column":8},"end":{"line":71,"column":9}},{"start":{"line":67,"column":8},"end":{"line":71,"column":9}}],"line":67},"3":{"loc":{"start":{"line":110,"column":14},"end":{"line":110,"column":28}},"type":"default-arg","locations":[{"start":{"line":110,"column":23},"end":{"line":110,"column":28}}],"line":110},"4":{"loc":{"start":{"line":111,"column":4},"end":{"line":120,"column":5}},"type":"if","locations":[{"start":{"line":111,"column":4},"end":{"line":120,"column":5}},{"start":{"line":111,"column":4},"end":{"line":120,"column":5}}],"line":111},"5":{"loc":{"start":{"line":112,"column":6},"end":{"line":117,"column":7}},"type":"if","locations":[{"start":{"line":112,"column":6},"end":{"line":117,"column":7}},{"start":{"line":112,"column":6},"end":{"line":117,"column":7}}],"line":112},"6":{"loc":{"start":{"line":129,"column":13},"end":{"line":129,"column":27}},"type":"default-arg","locations":[{"start":{"line":129,"column":22},"end":{"line":129,"column":27}}],"line":129},"7":{"loc":{"start":{"line":133,"column":6},"end":{"line":140,"column":7}},"type":"if","locations":[{"start":{"line":133,"column":6},"end":{"line":140,"column":7}},{"start":{"line":133,"column":6},"end":{"line":140,"column":7}}],"line":133},"8":{"loc":{"start":{"line":134,"column":8},"end":{"line":139,"column":9}},"type":"if","locations":[{"start":{"line":134,"column":8},"end":{"line":139,"column":9}},{"start":{"line":134,"column":8},"end":{"line":139,"column":9}}],"line":134},"9":{"loc":{"start":{"line":170,"column":4},"end":{"line":176,"column":5}},"type":"if","locations":[{"start":{"line":170,"column":4},"end":{"line":176,"column":5}},{"start":{"line":170,"column":4},"end":{"line":176,"column":5}}],"line":170},"10":{"loc":{"start":{"line":187,"column":4},"end":{"line":193,"column":5}},"type":"if","locations":[{"start":{"line":187,"column":4},"end":{"line":193,"column":5}},{"start":{"line":187,"column":4},"end":{"line":193,"column":5}}],"line":187},"11":{"loc":{"start":{"line":217,"column":8},"end":{"line":239,"column":9}},"type":"if","locations":[{"start":{"line":217,"column":8},"end":{"line":239,"column":9}},{"start":{"line":217,"column":8},"end":{"line":239,"column":9}}],"line":217},"12":{"loc":{"start":{"line":225,"column":12},"end":{"line":234,"column":13}},"type":"if","locations":[{"start":{"line":225,"column":12},"end":{"line":234,"column":13}},{"start":{"line":225,"column":12},"end":{"line":234,"column":13}}],"line":225},"13":{"loc":{"start":{"line":283,"column":20},"end":{"line":283,"column":53}},"type":"cond-expr","locations":[{"start":{"line":283,"column":33},"end":{"line":283,"column":41}},{"start":{"line":283,"column":44},"end":{"line":283,"column":53}}],"line":283},"14":{"loc":{"start":{"line":284,"column":16},"end":{"line":284,"column":55}},"type":"cond-expr","locations":[{"start":{"line":284,"column":30},"end":{"line":284,"column":39}},{"start":{"line":284,"column":42},"end":{"line":284,"column":55}}],"line":284},"15":{"loc":{"start":{"line":286,"column":6},"end":{"line":293,"column":7}},"type":"if","locations":[{"start":{"line":286,"column":6},"end":{"line":293,"column":7}},{"start":{"line":286,"column":6},"end":{"line":293,"column":7}}],"line":286},"16":{"loc":{"start":{"line":286,"column":10},"end":{"line":286,"column":38}},"type":"binary-expr","locations":[{"start":{"line":286,"column":10},"end":{"line":286,"column":24}},{"start":{"line":286,"column":28},"end":{"line":286,"column":38}}],"line":286},"17":{"loc":{"start":{"line":303,"column":16},"end":{"line":303,"column":41}},"type":"cond-expr","locations":[{"start":{"line":303,"column":25},"end":{"line":303,"column":29}},{"start":{"line":303,"column":32},"end":{"line":303,"column":41}}],"line":303},"18":{"loc":{"start":{"line":317,"column":4},"end":{"line":323,"column":5}},"type":"if","locations":[{"start":{"line":317,"column":4},"end":{"line":323,"column":5}},{"start":{"line":317,"column":4},"end":{"line":323,"column":5}}],"line":317}},"s":{"0":1,"1":1,"2":1,"3":1,"4":4,"5":4,"6":4,"7":0,"8":4,"9":1,"10":1,"11":1,"12":1,"13":1,"14":1,"15":2,"16":2,"17":2,"18":1,"19":1,"20":1,"21":0,"22":1,"23":3,"24":3,"25":3,"26":3,"27":3,"28":3,"29":3,"30":0,"31":3,"32":1,"33":1,"34":1,"35":1,"36":1,"37":1,"38":1,"39":1,"40":1,"41":1,"42":1,"43":1,"44":1,"45":1,"46":1,"47":6,"48":2,"49":1,"50":1,"51":1,"52":4,"53":2,"54":2,"55":2,"56":2,"57":1,"58":1,"59":1,"60":0,"61":1,"62":15,"63":1,"64":1,"65":1,"66":0,"67":0,"68":0,"69":0,"70":0,"71":0,"72":0,"73":0,"74":0,"75":0,"76":0,"77":0,"78":0,"79":1,"80":1,"81":1,"82":1,"83":1,"84":1,"85":1,"86":0,"87":0,"88":0,"89":1,"90":1,"91":1,"92":0,"93":0,"94":0,"95":0,"96":0,"97":0,"98":0,"99":0,"100":0,"101":0,"102":0,"103":0,"104":0,"105":0,"106":0,"107":0,"108":0,"109":0,"110":0,"111":0,"112":0,"113":0,"114":1},"f":{"0":4,"1":4,"2":4,"3":1,"4":1,"5":2,"6":2,"7":0,"8":3,"9":3,"10":3,"11":1,"12":1,"13":1,"14":1,"15":6,"16":2,"17":1,"18":15,"19":1,"20":1,"21":1,"22":0,"23":0,"24":0,"25":1,"26":1,"27":1,"28":1,"29":0,"30":0,"31":0,"32":0,"33":0,"34":0,"35":0,"36":0},"b":{"0":[0,4],"1":[1,1],"2":[0,3],"3":[2],"4":[2,4],"5":[1,1],"6":[1],"7":[2,0],"8":[1,1],"9":[0,0],"10":[0,0],"11":[1,0],"12":[0,1],"13":[0,0],"14":[0,0],"15":[0,0],"16":[0,0],"17":[0,0],"18":[0,0]},"_coverageSchema":"1a1c01bbd47fc00a2c39e90264f33305004495a9","hash":"19411e9e81249e1c9a061a3362ff7aa646017e52"}
}
