{"/Users/zguillez/Documentos/Repositorios/_tools/z-file/src/Zfile.js": {"path":"/Users/zguillez/Documentos/Repositorios/_tools/z-file/src/Zfile.js","statementMap":{"0":{"start":{"line":2,"column":11},"end":{"line":2,"column":24}},"1":{"start":{"line":3,"column":12},"end":{"line":3,"column":26}},"2":{"start":{"line":4,"column":17},"end":{"line":4,"column":37}},"3":{"start":{"line":5,"column":13},"end":{"line":5,"column":28}},"4":{"start":{"line":17,"column":4},"end":{"line":29,"column":7}},"5":{"start":{"line":18,"column":6},"end":{"line":28,"column":9}},"6":{"start":{"line":19,"column":8},"end":{"line":27,"column":9}},"7":{"start":{"line":20,"column":10},"end":{"line":20,"column":22}},"8":{"start":{"line":22,"column":10},"end":{"line":26,"column":11}},"9":{"start":{"line":23,"column":12},"end":{"line":23,"column":26}},"10":{"start":{"line":25,"column":12},"end":{"line":25,"column":37}},"11":{"start":{"line":38,"column":4},"end":{"line":55,"column":7}},"12":{"start":{"line":39,"column":18},"end":{"line":39,"column":19}},"13":{"start":{"line":40,"column":20},"end":{"line":40,"column":36}},"14":{"start":{"line":41,"column":19},"end":{"line":41,"column":23}},"15":{"start":{"line":42,"column":19},"end":{"line":42,"column":21}},"16":{"start":{"line":43,"column":20},"end":{"line":53,"column":7}},"17":{"start":{"line":44,"column":8},"end":{"line":52,"column":39}},"18":{"start":{"line":45,"column":10},"end":{"line":45,"column":27}},"19":{"start":{"line":46,"column":10},"end":{"line":51,"column":11}},"20":{"start":{"line":47,"column":12},"end":{"line":47,"column":20}},"21":{"start":{"line":48,"column":12},"end":{"line":48,"column":25}},"22":{"start":{"line":50,"column":12},"end":{"line":50,"column":26}},"23":{"start":{"line":52,"column":26},"end":{"line":52,"column":37}},"24":{"start":{"line":54,"column":6},"end":{"line":54,"column":19}},"25":{"start":{"line":65,"column":4},"end":{"line":77,"column":7}},"26":{"start":{"line":66,"column":18},"end":{"line":66,"column":37}},"27":{"start":{"line":67,"column":19},"end":{"line":67,"column":38}},"28":{"start":{"line":68,"column":18},"end":{"line":68,"column":44}},"29":{"start":{"line":69,"column":6},"end":{"line":69,"column":29}},"30":{"start":{"line":70,"column":6},"end":{"line":76,"column":9}},"31":{"start":{"line":71,"column":8},"end":{"line":75,"column":9}},"32":{"start":{"line":72,"column":10},"end":{"line":72,"column":22}},"33":{"start":{"line":74,"column":10},"end":{"line":74,"column":24}},"34":{"start":{"line":88,"column":4},"end":{"line":105,"column":7}},"35":{"start":{"line":89,"column":6},"end":{"line":89,"column":28}},"36":{"start":{"line":90,"column":6},"end":{"line":104,"column":9}},"37":{"start":{"line":91,"column":8},"end":{"line":91,"column":29}},"38":{"start":{"line":92,"column":8},"end":{"line":92,"column":30}},"39":{"start":{"line":93,"column":8},"end":{"line":93,"column":27}},"40":{"start":{"line":94,"column":8},"end":{"line":94,"column":27}},"41":{"start":{"line":95,"column":8},"end":{"line":95,"column":30}},"42":{"start":{"line":96,"column":8},"end":{"line":96,"column":26}},"43":{"start":{"line":97,"column":23},"end":{"line":97,"column":46}},"44":{"start":{"line":98,"column":8},"end":{"line":98,"column":43}},"45":{"start":{"line":99,"column":8},"end":{"line":99,"column":26}},"46":{"start":{"line":100,"column":8},"end":{"line":100,"column":30}},"47":{"start":{"line":101,"column":8},"end":{"line":103,"column":11}},"48":{"start":{"line":102,"column":10},"end":{"line":102,"column":24}},"49":{"start":{"line":115,"column":4},"end":{"line":124,"column":5}},"50":{"start":{"line":116,"column":6},"end":{"line":121,"column":7}},"51":{"start":{"line":117,"column":8},"end":{"line":117,"column":26}},"52":{"start":{"line":118,"column":8},"end":{"line":118,"column":20}},"53":{"start":{"line":120,"column":8},"end":{"line":120,"column":21}},"54":{"start":{"line":123,"column":6},"end":{"line":123,"column":18}},"55":{"start":{"line":134,"column":4},"end":{"line":146,"column":5}},"56":{"start":{"line":135,"column":6},"end":{"line":135,"column":40}},"57":{"start":{"line":137,"column":6},"end":{"line":144,"column":7}},"58":{"start":{"line":138,"column":8},"end":{"line":143,"column":9}},"59":{"start":{"line":139,"column":10},"end":{"line":139,"column":31}},"60":{"start":{"line":140,"column":10},"end":{"line":140,"column":22}},"61":{"start":{"line":142,"column":10},"end":{"line":142,"column":23}},"62":{"start":{"line":145,"column":6},"end":{"line":145,"column":19}},"63":{"start":{"line":155,"column":4},"end":{"line":155,"column":87}},"64":{"start":{"line":155,"column":45},"end":{"line":155,"column":85}},"65":{"start":{"line":164,"column":4},"end":{"line":164,"column":127}},"66":{"start":{"line":164,"column":45},"end":{"line":164,"column":80}},"67":{"start":{"line":164,"column":96},"end":{"line":164,"column":125}},"68":{"start":{"line":173,"column":17},"end":{"line":173,"column":19}},"69":{"start":{"line":174,"column":4},"end":{"line":180,"column":5}},"70":{"start":{"line":175,"column":6},"end":{"line":177,"column":7}},"71":{"start":{"line":176,"column":8},"end":{"line":176,"column":28}},"72":{"start":{"line":179,"column":6},"end":{"line":179,"column":28}},"73":{"start":{"line":181,"column":4},"end":{"line":181,"column":26}},"74":{"start":{"line":190,"column":17},"end":{"line":190,"column":19}},"75":{"start":{"line":191,"column":4},"end":{"line":197,"column":5}},"76":{"start":{"line":192,"column":6},"end":{"line":194,"column":7}},"77":{"start":{"line":193,"column":8},"end":{"line":193,"column":26}},"78":{"start":{"line":196,"column":6},"end":{"line":196,"column":26}},"79":{"start":{"line":198,"column":4},"end":{"line":198,"column":26}},"80":{"start":{"line":207,"column":4},"end":{"line":207,"column":39}},"81":{"start":{"line":219,"column":4},"end":{"line":245,"column":7}},"82":{"start":{"line":220,"column":6},"end":{"line":244,"column":9}},"83":{"start":{"line":221,"column":8},"end":{"line":243,"column":9}},"84":{"start":{"line":222,"column":10},"end":{"line":240,"column":13}},"85":{"start":{"line":223,"column":12},"end":{"line":223,"column":27}},"86":{"start":{"line":224,"column":12},"end":{"line":228,"column":30}},"87":{"start":{"line":229,"column":12},"end":{"line":238,"column":13}},"88":{"start":{"line":230,"column":28},"end":{"line":232,"column":16}},"89":{"start":{"line":233,"column":14},"end":{"line":233,"column":42}},"90":{"start":{"line":234,"column":14},"end":{"line":234,"column":45}},"91":{"start":{"line":236,"column":14},"end":{"line":236,"column":32}},"92":{"start":{"line":237,"column":14},"end":{"line":237,"column":34}},"93":{"start":{"line":239,"column":12},"end":{"line":239,"column":26}},"94":{"start":{"line":242,"column":10},"end":{"line":242,"column":22}},"95":{"start":{"line":263,"column":4},"end":{"line":263,"column":25}},"96":{"start":{"line":268,"column":4},"end":{"line":268,"column":21}},"97":{"start":{"line":273,"column":4},"end":{"line":273,"column":25}},"98":{"start":{"line":278,"column":4},"end":{"line":278,"column":19}},"99":{"start":{"line":287,"column":4},"end":{"line":287,"column":54}},"100":{"start":{"line":288,"column":4},"end":{"line":288,"column":56}},"101":{"start":{"line":289,"column":4},"end":{"line":298,"column":7}},"102":{"start":{"line":290,"column":6},"end":{"line":297,"column":7}},"103":{"start":{"line":291,"column":8},"end":{"line":291,"column":43}},"104":{"start":{"line":293,"column":8},"end":{"line":296,"column":11}},"105":{"start":{"line":294,"column":10},"end":{"line":294,"column":27}},"106":{"start":{"line":295,"column":10},"end":{"line":295,"column":24}},"107":{"start":{"line":307,"column":4},"end":{"line":307,"column":42}},"108":{"start":{"line":308,"column":4},"end":{"line":312,"column":7}},"109":{"start":{"line":309,"column":6},"end":{"line":311,"column":9}},"110":{"start":{"line":310,"column":8},"end":{"line":310,"column":22}},"111":{"start":{"line":320,"column":15},"end":{"line":320,"column":45}},"112":{"start":{"line":321,"column":4},"end":{"line":327,"column":5}},"113":{"start":{"line":322,"column":18},"end":{"line":322,"column":38}},"114":{"start":{"line":323,"column":6},"end":{"line":326,"column":8}},"115":{"start":{"line":328,"column":4},"end":{"line":328,"column":16}},"116":{"start":{"line":336,"column":0},"end":{"line":336,"column":29}}},"fnMap":{"0":{"name":"(anonymous_0)","decl":{"start":{"line":16,"column":2},"end":{"line":16,"column":3}},"loc":{"start":{"line":16,"column":17},"end":{"line":30,"column":3}},"line":16},"1":{"name":"(anonymous_1)","decl":{"start":{"line":17,"column":23},"end":{"line":17,"column":24}},"loc":{"start":{"line":17,"column":44},"end":{"line":29,"column":5}},"line":17},"2":{"name":"(anonymous_2)","decl":{"start":{"line":18,"column":28},"end":{"line":18,"column":29}},"loc":{"start":{"line":18,"column":43},"end":{"line":28,"column":7}},"line":18},"3":{"name":"(anonymous_3)","decl":{"start":{"line":37,"column":2},"end":{"line":37,"column":3}},"loc":{"start":{"line":37,"column":19},"end":{"line":56,"column":3}},"line":37},"4":{"name":"(anonymous_4)","decl":{"start":{"line":38,"column":23},"end":{"line":38,"column":24}},"loc":{"start":{"line":38,"column":44},"end":{"line":55,"column":5}},"line":38},"5":{"name":"(anonymous_5)","decl":{"start":{"line":43,"column":20},"end":{"line":43,"column":21}},"loc":{"start":{"line":43,"column":28},"end":{"line":53,"column":7}},"line":43},"6":{"name":"(anonymous_6)","decl":{"start":{"line":44,"column":45},"end":{"line":44,"column":46}},"loc":{"start":{"line":44,"column":56},"end":{"line":52,"column":9}},"line":44},"7":{"name":"(anonymous_7)","decl":{"start":{"line":52,"column":17},"end":{"line":52,"column":18}},"loc":{"start":{"line":52,"column":26},"end":{"line":52,"column":37}},"line":52},"8":{"name":"(anonymous_8)","decl":{"start":{"line":64,"column":2},"end":{"line":64,"column":3}},"loc":{"start":{"line":64,"column":24},"end":{"line":78,"column":3}},"line":64},"9":{"name":"(anonymous_9)","decl":{"start":{"line":65,"column":23},"end":{"line":65,"column":24}},"loc":{"start":{"line":65,"column":44},"end":{"line":77,"column":5}},"line":65},"10":{"name":"(anonymous_10)","decl":{"start":{"line":70,"column":35},"end":{"line":70,"column":36}},"loc":{"start":{"line":70,"column":44},"end":{"line":76,"column":7}},"line":70},"11":{"name":"(anonymous_11)","decl":{"start":{"line":87,"column":2},"end":{"line":87,"column":3}},"loc":{"start":{"line":87,"column":34},"end":{"line":106,"column":3}},"line":87},"12":{"name":"(anonymous_12)","decl":{"start":{"line":88,"column":23},"end":{"line":88,"column":24}},"loc":{"start":{"line":88,"column":44},"end":{"line":105,"column":5}},"line":88},"13":{"name":"(anonymous_13)","decl":{"start":{"line":90,"column":31},"end":{"line":90,"column":32}},"loc":{"start":{"line":90,"column":41},"end":{"line":104,"column":7}},"line":90},"14":{"name":"(anonymous_14)","decl":{"start":{"line":101,"column":40},"end":{"line":101,"column":41}},"loc":{"start":{"line":101,"column":46},"end":{"line":103,"column":9}},"line":101},"15":{"name":"(anonymous_15)","decl":{"start":{"line":114,"column":2},"end":{"line":114,"column":3}},"loc":{"start":{"line":114,"column":30},"end":{"line":125,"column":3}},"line":114},"16":{"name":"(anonymous_16)","decl":{"start":{"line":133,"column":2},"end":{"line":133,"column":3}},"loc":{"start":{"line":133,"column":29},"end":{"line":147,"column":3}},"line":133},"17":{"name":"(anonymous_17)","decl":{"start":{"line":154,"column":2},"end":{"line":154,"column":3}},"loc":{"start":{"line":154,"column":15},"end":{"line":156,"column":3}},"line":154},"18":{"name":"(anonymous_18)","decl":{"start":{"line":155,"column":38},"end":{"line":155,"column":39}},"loc":{"start":{"line":155,"column":45},"end":{"line":155,"column":85}},"line":155},"19":{"name":"(anonymous_19)","decl":{"start":{"line":163,"column":2},"end":{"line":163,"column":3}},"loc":{"start":{"line":163,"column":13},"end":{"line":165,"column":3}},"line":163},"20":{"name":"(anonymous_20)","decl":{"start":{"line":164,"column":38},"end":{"line":164,"column":39}},"loc":{"start":{"line":164,"column":45},"end":{"line":164,"column":80}},"line":164},"21":{"name":"(anonymous_21)","decl":{"start":{"line":164,"column":89},"end":{"line":164,"column":90}},"loc":{"start":{"line":164,"column":96},"end":{"line":164,"column":125}},"line":164},"22":{"name":"(anonymous_22)","decl":{"start":{"line":172,"column":2},"end":{"line":172,"column":3}},"loc":{"start":{"line":172,"column":13},"end":{"line":182,"column":3}},"line":172},"23":{"name":"(anonymous_23)","decl":{"start":{"line":189,"column":2},"end":{"line":189,"column":3}},"loc":{"start":{"line":189,"column":14},"end":{"line":199,"column":3}},"line":189},"24":{"name":"(anonymous_24)","decl":{"start":{"line":206,"column":2},"end":{"line":206,"column":3}},"loc":{"start":{"line":206,"column":15},"end":{"line":208,"column":3}},"line":206},"25":{"name":"(anonymous_25)","decl":{"start":{"line":218,"column":2},"end":{"line":218,"column":3}},"loc":{"start":{"line":218,"column":38},"end":{"line":246,"column":3}},"line":218},"26":{"name":"(anonymous_26)","decl":{"start":{"line":219,"column":23},"end":{"line":219,"column":24}},"loc":{"start":{"line":219,"column":44},"end":{"line":245,"column":5}},"line":219},"27":{"name":"(anonymous_27)","decl":{"start":{"line":220,"column":37},"end":{"line":220,"column":38}},"loc":{"start":{"line":220,"column":53},"end":{"line":244,"column":7}},"line":220},"28":{"name":"(anonymous_28)","decl":{"start":{"line":222,"column":54},"end":{"line":222,"column":55}},"loc":{"start":{"line":222,"column":64},"end":{"line":240,"column":11}},"line":222},"29":{"name":"(anonymous_29)","decl":{"start":{"line":259,"column":2},"end":{"line":259,"column":3}},"loc":{"start":{"line":259,"column":28},"end":{"line":279,"column":3}},"line":259},"30":{"name":"(anonymous_30)","decl":{"start":{"line":286,"column":2},"end":{"line":286,"column":3}},"loc":{"start":{"line":286,"column":17},"end":{"line":299,"column":3}},"line":286},"31":{"name":"(anonymous_31)","decl":{"start":{"line":289,"column":23},"end":{"line":289,"column":24}},"loc":{"start":{"line":289,"column":44},"end":{"line":298,"column":5}},"line":289},"32":{"name":"(anonymous_32)","decl":{"start":{"line":293,"column":45},"end":{"line":293,"column":46}},"loc":{"start":{"line":293,"column":55},"end":{"line":296,"column":9}},"line":293},"33":{"name":"(anonymous_33)","decl":{"start":{"line":306,"column":2},"end":{"line":306,"column":3}},"loc":{"start":{"line":306,"column":13},"end":{"line":313,"column":3}},"line":306},"34":{"name":"(anonymous_34)","decl":{"start":{"line":308,"column":23},"end":{"line":308,"column":24}},"loc":{"start":{"line":308,"column":44},"end":{"line":312,"column":5}},"line":308},"35":{"name":"(anonymous_35)","decl":{"start":{"line":309,"column":51},"end":{"line":309,"column":52}},"loc":{"start":{"line":309,"column":57},"end":{"line":311,"column":7}},"line":309},"36":{"name":"(anonymous_36)","decl":{"start":{"line":319,"column":2},"end":{"line":319,"column":3}},"loc":{"start":{"line":319,"column":16},"end":{"line":329,"column":3}},"line":319}},"branchMap":{"0":{"loc":{"start":{"line":19,"column":8},"end":{"line":27,"column":9}},"type":"if","locations":[{"start":{"line":19,"column":8},"end":{"line":27,"column":9}},{"start":{"line":19,"column":8},"end":{"line":27,"column":9}}],"line":19},"1":{"loc":{"start":{"line":22,"column":10},"end":{"line":26,"column":11}},"type":"if","locations":[{"start":{"line":22,"column":10},"end":{"line":26,"column":11}},{"start":{"line":22,"column":10},"end":{"line":26,"column":11}}],"line":22},"2":{"loc":{"start":{"line":46,"column":10},"end":{"line":51,"column":11}},"type":"if","locations":[{"start":{"line":46,"column":10},"end":{"line":51,"column":11}},{"start":{"line":46,"column":10},"end":{"line":51,"column":11}}],"line":46},"3":{"loc":{"start":{"line":71,"column":8},"end":{"line":75,"column":9}},"type":"if","locations":[{"start":{"line":71,"column":8},"end":{"line":75,"column":9}},{"start":{"line":71,"column":8},"end":{"line":75,"column":9}}],"line":71},"4":{"loc":{"start":{"line":114,"column":14},"end":{"line":114,"column":28}},"type":"default-arg","locations":[{"start":{"line":114,"column":23},"end":{"line":114,"column":28}}],"line":114},"5":{"loc":{"start":{"line":115,"column":4},"end":{"line":124,"column":5}},"type":"if","locations":[{"start":{"line":115,"column":4},"end":{"line":124,"column":5}},{"start":{"line":115,"column":4},"end":{"line":124,"column":5}}],"line":115},"6":{"loc":{"start":{"line":116,"column":6},"end":{"line":121,"column":7}},"type":"if","locations":[{"start":{"line":116,"column":6},"end":{"line":121,"column":7}},{"start":{"line":116,"column":6},"end":{"line":121,"column":7}}],"line":116},"7":{"loc":{"start":{"line":133,"column":13},"end":{"line":133,"column":27}},"type":"default-arg","locations":[{"start":{"line":133,"column":22},"end":{"line":133,"column":27}}],"line":133},"8":{"loc":{"start":{"line":137,"column":6},"end":{"line":144,"column":7}},"type":"if","locations":[{"start":{"line":137,"column":6},"end":{"line":144,"column":7}},{"start":{"line":137,"column":6},"end":{"line":144,"column":7}}],"line":137},"9":{"loc":{"start":{"line":138,"column":8},"end":{"line":143,"column":9}},"type":"if","locations":[{"start":{"line":138,"column":8},"end":{"line":143,"column":9}},{"start":{"line":138,"column":8},"end":{"line":143,"column":9}}],"line":138},"10":{"loc":{"start":{"line":174,"column":4},"end":{"line":180,"column":5}},"type":"if","locations":[{"start":{"line":174,"column":4},"end":{"line":180,"column":5}},{"start":{"line":174,"column":4},"end":{"line":180,"column":5}}],"line":174},"11":{"loc":{"start":{"line":191,"column":4},"end":{"line":197,"column":5}},"type":"if","locations":[{"start":{"line":191,"column":4},"end":{"line":197,"column":5}},{"start":{"line":191,"column":4},"end":{"line":197,"column":5}}],"line":191},"12":{"loc":{"start":{"line":221,"column":8},"end":{"line":243,"column":9}},"type":"if","locations":[{"start":{"line":221,"column":8},"end":{"line":243,"column":9}},{"start":{"line":221,"column":8},"end":{"line":243,"column":9}}],"line":221},"13":{"loc":{"start":{"line":229,"column":12},"end":{"line":238,"column":13}},"type":"if","locations":[{"start":{"line":229,"column":12},"end":{"line":238,"column":13}},{"start":{"line":229,"column":12},"end":{"line":238,"column":13}}],"line":229},"14":{"loc":{"start":{"line":287,"column":20},"end":{"line":287,"column":53}},"type":"cond-expr","locations":[{"start":{"line":287,"column":33},"end":{"line":287,"column":41}},{"start":{"line":287,"column":44},"end":{"line":287,"column":53}}],"line":287},"15":{"loc":{"start":{"line":288,"column":16},"end":{"line":288,"column":55}},"type":"cond-expr","locations":[{"start":{"line":288,"column":30},"end":{"line":288,"column":39}},{"start":{"line":288,"column":42},"end":{"line":288,"column":55}}],"line":288},"16":{"loc":{"start":{"line":290,"column":6},"end":{"line":297,"column":7}},"type":"if","locations":[{"start":{"line":290,"column":6},"end":{"line":297,"column":7}},{"start":{"line":290,"column":6},"end":{"line":297,"column":7}}],"line":290},"17":{"loc":{"start":{"line":290,"column":10},"end":{"line":290,"column":38}},"type":"binary-expr","locations":[{"start":{"line":290,"column":10},"end":{"line":290,"column":24}},{"start":{"line":290,"column":28},"end":{"line":290,"column":38}}],"line":290},"18":{"loc":{"start":{"line":307,"column":16},"end":{"line":307,"column":41}},"type":"cond-expr","locations":[{"start":{"line":307,"column":25},"end":{"line":307,"column":29}},{"start":{"line":307,"column":32},"end":{"line":307,"column":41}}],"line":307},"19":{"loc":{"start":{"line":321,"column":4},"end":{"line":327,"column":5}},"type":"if","locations":[{"start":{"line":321,"column":4},"end":{"line":327,"column":5}},{"start":{"line":321,"column":4},"end":{"line":327,"column":5}}],"line":321}},"s":{"0":1,"1":1,"2":1,"3":1,"4":1,"5":1,"6":1,"7":0,"8":1,"9":1,"10":0,"11":0,"12":0,"13":0,"14":0,"15":0,"16":0,"17":0,"18":0,"19":0,"20":0,"21":0,"22":0,"23":0,"24":0,"25":2,"26":2,"27":2,"28":2,"29":2,"30":2,"31":2,"32":0,"33":2,"34":0,"35":0,"36":0,"37":0,"38":0,"39":0,"40":0,"41":0,"42":0,"43":0,"44":0,"45":0,"46":0,"47":0,"48":0,"49":5,"50":2,"51":1,"52":1,"53":1,"54":3,"55":2,"56":2,"57":2,"58":2,"59":1,"60":1,"61":1,"62":0,"63":1,"64":16,"65":1,"66":1,"67":1,"68":0,"69":0,"70":0,"71":0,"72":0,"73":0,"74":0,"75":0,"76":0,"77":0,"78":0,"79":0,"80":0,"81":1,"82":1,"83":1,"84":1,"85":1,"86":1,"87":1,"88":0,"89":0,"90":0,"91":1,"92":1,"93":1,"94":0,"95":0,"96":0,"97":0,"98":0,"99":0,"100":0,"101":0,"102":0,"103":0,"104":0,"105":0,"106":0,"107":0,"108":0,"109":0,"110":0,"111":0,"112":0,"113":0,"114":0,"115":0,"116":1},"f":{"0":1,"1":1,"2":1,"3":0,"4":0,"5":0,"6":0,"7":0,"8":2,"9":2,"10":2,"11":0,"12":0,"13":0,"14":0,"15":5,"16":2,"17":1,"18":16,"19":1,"20":1,"21":1,"22":0,"23":0,"24":0,"25":1,"26":1,"27":1,"28":1,"29":0,"30":0,"31":0,"32":0,"33":0,"34":0,"35":0,"36":0},"b":{"0":[0,1],"1":[1,0],"2":[0,0],"3":[0,2],"4":[2],"5":[2,3],"6":[1,1],"7":[1],"8":[2,0],"9":[1,1],"10":[0,0],"11":[0,0],"12":[1,0],"13":[0,1],"14":[0,0],"15":[0,0],"16":[0,0],"17":[0,0],"18":[0,0],"19":[0,0]},"_coverageSchema":"1a1c01bbd47fc00a2c39e90264f33305004495a9","hash":"9038c5e565b83d31bc57e1959ae37c77473bb265"}
}
