TN:
SF:src/Zfile.js
FN:16,(anonymous_0)
FN:17,(anonymous_1)
FN:18,(anonymous_2)
FN:37,(anonymous_3)
FN:38,(anonymous_4)
FN:43,(anonymous_5)
FN:44,(anonymous_6)
FN:52,(anonymous_7)
FN:64,(anonymous_8)
FN:65,(anonymous_9)
FN:70,(anonymous_10)
FN:87,(anonymous_11)
FN:88,(anonymous_12)
FN:90,(anonymous_13)
FN:101,(anonymous_14)
FN:114,(anonymous_15)
FN:133,(anonymous_16)
FN:154,(anonymous_17)
FN:155,(anonymous_18)
FN:163,(anonymous_19)
FN:164,(anonymous_20)
FN:164,(anonymous_21)
FN:172,(anonymous_22)
FN:189,(anonymous_23)
FN:206,(anonymous_24)
FN:218,(anonymous_25)
FN:219,(anonymous_26)
FN:220,(anonymous_27)
FN:222,(anonymous_28)
FN:259,(anonymous_29)
FN:286,(anonymous_30)
FN:289,(anonymous_31)
FN:293,(anonymous_32)
FN:306,(anonymous_33)
FN:308,(anonymous_34)
FN:309,(anonymous_35)
FN:319,(anonymous_36)
FNF:37
FNH:17
FNDA:1,(anonymous_0)
FNDA:1,(anonymous_1)
FNDA:1,(anonymous_2)
FNDA:0,(anonymous_3)
FNDA:0,(anonymous_4)
FNDA:0,(anonymous_5)
FNDA:0,(anonymous_6)
FNDA:0,(anonymous_7)
FNDA:2,(anonymous_8)
FNDA:2,(anonymous_9)
FNDA:2,(anonymous_10)
FNDA:0,(anonymous_11)
FNDA:0,(anonymous_12)
FNDA:0,(anonymous_13)
FNDA:0,(anonymous_14)
FNDA:5,(anonymous_15)
FNDA:2,(anonymous_16)
FNDA:1,(anonymous_17)
FNDA:16,(anonymous_18)
FNDA:1,(anonymous_19)
FNDA:1,(anonymous_20)
FNDA:1,(anonymous_21)
FNDA:0,(anonymous_22)
FNDA:0,(anonymous_23)
FNDA:0,(anonymous_24)
FNDA:1,(anonymous_25)
FNDA:1,(anonymous_26)
FNDA:1,(anonymous_27)
FNDA:1,(anonymous_28)
FNDA:0,(anonymous_29)
FNDA:0,(anonymous_30)
FNDA:0,(anonymous_31)
FNDA:0,(anonymous_32)
FNDA:0,(anonymous_33)
FNDA:0,(anonymous_34)
FNDA:0,(anonymous_35)
FNDA:0,(anonymous_36)
DA:2,1
DA:3,1
DA:4,1
DA:5,1
DA:17,1
DA:18,1
DA:19,1
DA:20,0
DA:22,1
DA:23,1
DA:25,0
DA:38,0
DA:39,0
DA:40,0
DA:41,0
DA:42,0
DA:43,0
DA:44,0
DA:45,0
DA:46,0
DA:47,0
DA:48,0
DA:50,0
DA:52,0
DA:54,0
DA:65,2
DA:66,2
DA:67,2
DA:68,2
DA:69,2
DA:70,2
DA:71,2
DA:72,0
DA:74,2
DA:88,0
DA:89,0
DA:90,0
DA:91,0
DA:92,0
DA:93,0
DA:94,0
DA:95,0
DA:96,0
DA:97,0
DA:98,0
DA:99,0
DA:100,0
DA:101,0
DA:102,0
DA:115,5
DA:116,2
DA:117,1
DA:118,1
DA:120,1
DA:123,3
DA:134,2
DA:135,2
DA:137,2
DA:138,2
DA:139,1
DA:140,1
DA:142,1
DA:145,0
DA:155,16
DA:164,1
DA:173,0
DA:174,0
DA:175,0
DA:176,0
DA:179,0
DA:181,0
DA:190,0
DA:191,0
DA:192,0
DA:193,0
DA:196,0
DA:198,0
DA:207,0
DA:219,1
DA:220,1
DA:221,1
DA:222,1
DA:223,1
DA:224,1
DA:229,1
DA:230,0
DA:233,0
DA:234,0
DA:236,1
DA:237,1
DA:239,1
DA:242,0
DA:263,0
DA:268,0
DA:273,0
DA:278,0
DA:287,0
DA:288,0
DA:289,0
DA:290,0
DA:291,0
DA:293,0
DA:294,0
DA:295,0
DA:307,0
DA:308,0
DA:309,0
DA:310,0
DA:320,0
DA:321,0
DA:322,0
DA:323,0
DA:328,0
DA:336,1
LF:114
LH:43
BRDA:19,0,0,0
BRDA:19,0,1,1
BRDA:22,1,0,1
BRDA:22,1,1,0
BRDA:46,2,0,0
BRDA:46,2,1,0
BRDA:71,3,0,0
BRDA:71,3,1,2
BRDA:114,4,0,2
BRDA:115,5,0,2
BRDA:115,5,1,3
BRDA:116,6,0,1
BRDA:116,6,1,1
BRDA:133,7,0,1
BRDA:137,8,0,2
BRDA:137,8,1,0
BRDA:138,9,0,1
BRDA:138,9,1,1
BRDA:174,10,0,0
BRDA:174,10,1,0
BRDA:191,11,0,0
BRDA:191,11,1,0
BRDA:221,12,0,1
BRDA:221,12,1,0
BRDA:229,13,0,0
BRDA:229,13,1,1
BRDA:287,14,0,0
BRDA:287,14,1,0
BRDA:288,15,0,0
BRDA:288,15,1,0
BRDA:290,16,0,0
BRDA:290,16,1,0
BRDA:290,17,0,0
BRDA:290,17,1,0
BRDA:307,18,0,0
BRDA:307,18,1,0
BRDA:321,19,0,0
BRDA:321,19,1,0
BRF:38
BRH:14
end_of_record
