TN:
SF:src/Zfile.js
FN:16,(anonymous_0)
FN:17,(anonymous_1)
FN:18,(anonymous_2)
FN:33,(anonymous_3)
FN:34,(anonymous_4)
FN:39,(anonymous_5)
FN:40,(anonymous_6)
FN:48,(anonymous_7)
FN:60,(anonymous_8)
FN:61,(anonymous_9)
FN:66,(anonymous_10)
FN:83,(anonymous_11)
FN:84,(anonymous_12)
FN:86,(anonymous_13)
FN:97,(anonymous_14)
FN:110,(anonymous_15)
FN:129,(anonymous_16)
FN:150,(anonymous_17)
FN:151,(anonymous_18)
FN:159,(anonymous_19)
FN:160,(anonymous_20)
FN:160,(anonymous_21)
FN:168,(anonymous_22)
FN:185,(anonymous_23)
FN:202,(anonymous_24)
FN:214,(anonymous_25)
FN:215,(anonymous_26)
FN:216,(anonymous_27)
FN:218,(anonymous_28)
FN:255,(anonymous_29)
FN:282,(anonymous_30)
FN:285,(anonymous_31)
FN:289,(anonymous_32)
FN:302,(anonymous_33)
FN:304,(anonymous_34)
FN:305,(anonymous_35)
FN:315,(anonymous_36)
FNF:37
FNH:25
FNDA:4,(anonymous_0)
FNDA:4,(anonymous_1)
FNDA:4,(anonymous_2)
FNDA:1,(anonymous_3)
FNDA:1,(anonymous_4)
FNDA:2,(anonymous_5)
FNDA:2,(anonymous_6)
FNDA:0,(anonymous_7)
FNDA:3,(anonymous_8)
FNDA:3,(anonymous_9)
FNDA:3,(anonymous_10)
FNDA:1,(anonymous_11)
FNDA:1,(anonymous_12)
FNDA:1,(anonymous_13)
FNDA:1,(anonymous_14)
FNDA:6,(anonymous_15)
FNDA:2,(anonymous_16)
FNDA:1,(anonymous_17)
FNDA:15,(anonymous_18)
FNDA:1,(anonymous_19)
FNDA:1,(anonymous_20)
FNDA:1,(anonymous_21)
FNDA:0,(anonymous_22)
FNDA:0,(anonymous_23)
FNDA:0,(anonymous_24)
FNDA:1,(anonymous_25)
FNDA:1,(anonymous_26)
FNDA:1,(anonymous_27)
FNDA:1,(anonymous_28)
FNDA:0,(anonymous_29)
FNDA:0,(anonymous_30)
FNDA:0,(anonymous_31)
FNDA:0,(anonymous_32)
FNDA:0,(anonymous_33)
FNDA:0,(anonymous_34)
FNDA:0,(anonymous_35)
FNDA:0,(anonymous_36)
DA:2,1
DA:3,1
DA:4,1
DA:5,1
DA:17,4
DA:18,4
DA:19,4
DA:20,0
DA:22,4
DA:34,1
DA:35,1
DA:36,1
DA:37,1
DA:38,1
DA:39,1
DA:40,2
DA:41,2
DA:42,2
DA:43,1
DA:44,1
DA:46,1
DA:48,0
DA:50,1
DA:61,3
DA:62,3
DA:63,3
DA:64,3
DA:65,3
DA:66,3
DA:67,3
DA:68,0
DA:70,3
DA:84,1
DA:85,1
DA:86,1
DA:87,1
DA:88,1
DA:89,1
DA:90,1
DA:91,1
DA:92,1
DA:93,1
DA:94,1
DA:95,1
DA:96,1
DA:97,1
DA:98,1
DA:111,6
DA:112,2
DA:113,1
DA:114,1
DA:116,1
DA:119,4
DA:130,2
DA:131,2
DA:133,2
DA:134,2
DA:135,1
DA:136,1
DA:138,1
DA:141,0
DA:151,15
DA:160,1
DA:169,0
DA:170,0
DA:171,0
DA:172,0
DA:175,0
DA:177,0
DA:186,0
DA:187,0
DA:188,0
DA:189,0
DA:192,0
DA:194,0
DA:203,0
DA:215,1
DA:216,1
DA:217,1
DA:218,1
DA:219,1
DA:220,1
DA:225,1
DA:226,0
DA:229,0
DA:230,0
DA:232,1
DA:233,1
DA:235,1
DA:238,0
DA:259,0
DA:264,0
DA:269,0
DA:274,0
DA:283,0
DA:284,0
DA:285,0
DA:286,0
DA:287,0
DA:289,0
DA:290,0
DA:291,0
DA:303,0
DA:304,0
DA:305,0
DA:306,0
DA:316,0
DA:317,0
DA:318,0
DA:319,0
DA:324,0
DA:332,1
LF:112
LH:70
BRDA:19,0,0,0
BRDA:19,0,1,4
BRDA:42,1,0,1
BRDA:42,1,1,1
BRDA:67,2,0,0
BRDA:67,2,1,3
BRDA:110,3,0,2
BRDA:111,4,0,2
BRDA:111,4,1,4
BRDA:112,5,0,1
BRDA:112,5,1,1
BRDA:129,6,0,1
BRDA:133,7,0,2
BRDA:133,7,1,0
BRDA:134,8,0,1
BRDA:134,8,1,1
BRDA:170,9,0,0
BRDA:170,9,1,0
BRDA:187,10,0,0
BRDA:187,10,1,0
BRDA:217,11,0,1
BRDA:217,11,1,0
BRDA:225,12,0,0
BRDA:225,12,1,1
BRDA:283,13,0,0
BRDA:283,13,1,0
BRDA:284,14,0,0
BRDA:284,14,1,0
BRDA:286,15,0,0
BRDA:286,15,1,0
BRDA:286,16,0,0
BRDA:286,16,1,0
BRDA:303,17,0,0
BRDA:303,17,1,0
BRDA:317,18,0,0
BRDA:317,18,1,0
BRF:36
BRH:15
end_of_record
